<?xml version="1.0" encoding="UTF-8"?>
<!-- Generated by org.testng.reporters.JUnitReportReporter -->
<testsuite hostname="DESKTOP-R09BFLF" failures="0" tests="26" name="AutomationTest.AddEntry" time="450.785" errors="0" timestamp="2022-12-15T15:58:04 EST" skipped="0">
  <testcase classname="AutomationTest.AddEntry" name="TestAddNewEntry" time="100.475"/>
  <system-out/>
  <testcase classname="AutomationTest.AddEntry" name="TestAddNewEntry" time="10.245"/>
  <system-out/>
  <testcase classname="AutomationTest.AddEntry" name="AddressBookListAllEntries" time="40.323"/>
  <system-out/>
  <testcase classname="AutomationTest.AddEntry" name="TestEmailPhoneWebValidation" time="7.714"/>
  <system-out/>
  <testcase classname="AutomationTest.AddEntry" name="TestAddNewEntry" time="9.162"/>
  <system-out/>
  <testcase classname="AutomationTest.AddEntry" name="TestAddNewEntry" time="11.014"/>
  <system-out/>
  <testcase classname="AutomationTest.AddEntry" name="TestAddNewEntry" time="9.346"/>
  <system-out/>
  <testcase classname="AutomationTest.AddEntry" name="TestAddNewEntry" time="9.032"/>
  <system-out/>
  <testcase classname="AutomationTest.AddEntry" name="TestAddNewEntry" time="44.903"/>
  <system-out/>
  <testcase classname="AutomationTest.AddEntry" name="TestAddNewEntry" time="11.231"/>
  <system-out/>
  <testcase classname="AutomationTest.AddEntry" name="TestAddNewEntry" time="9.802"/>
  <system-out/>
  <testcase classname="AutomationTest.AddEntry" name="TestAddNewEntry" time="10.370"/>
  <system-out/>
  <testcase classname="AutomationTest.AddEntry" name="TestAddNewEntry" time="9.274"/>
  <system-out/>
  <testcase classname="AutomationTest.AddEntry" name="TestAddNewEntry" time="11.876"/>
  <system-out/>
  <testcase classname="AutomationTest.AddEntry" name="TestAddNewEntry" time="37.106"/>
  <system-out/>
  <testcase classname="AutomationTest.AddEntry" name="TestAddNewEntry" time="25.411"/>
  <system-out/>
  <testcase classname="AutomationTest.AddEntry" name="TestAddNewEntry" time="10.141"/>
  <system-out/>
  <testcase classname="AutomationTest.AddEntry" name="TestAddNewEntry" time="11.210"/>
  <system-out/>
  <testcase classname="AutomationTest.AddEntry" name="TestNameFieldsValidation" time="5.246"/>
  <system-out/>
  <testcase classname="AutomationTest.AddEntry" name="TestAddNewEntry" time="9.126"/>
  <system-out/>
  <testcase classname="AutomationTest.AddEntry" name="CheckFieldsAddNewEntryPage" time="5.580"/>
  <system-out/>
  <testcase classname="AutomationTest.AddEntry" name="TestAddNewEntry" time="9.720"/>
  <system-out/>
  <testcase classname="AutomationTest.AddEntry" name="TestAddNewEntry" time="9.448"/>
  <system-out/>
  <testcase classname="AutomationTest.AddEntry" name="AddressBookAccessMainMenuPage" time="4.730"/>
  <system-out/>
  <testcase classname="AutomationTest.AddEntry" name="AddressBookAccessAddNewEntryPage" time="12.254"/>
  <system-out/>
  <testcase classname="AutomationTest.AddEntry" name="TestAddNewEntry" time="16.046"/>
  <system-out/>
</testsuite> <!-- AutomationTest.AddEntry -->
