<?xml version="1.0" encoding="UTF-8"?>
<!-- Generated by org.testng.reporters.JUnitReportReporter -->
<testsuite hostname="DESKTOP-R09BFLF" failures="0" tests="3" name="AutomationTest.ViewEntry" time="25.335" errors="0" timestamp="2022-12-15T15:58:04 EST" skipped="0">
  <testcase classname="AutomationTest.ViewEntry" name="TestViewEntryButton" time="7.953"/>
  <system-out/>
  <testcase classname="AutomationTest.ViewEntry" name="TestReturnButton" time="8.666"/>
  <system-out/>
  <testcase classname="AutomationTest.ViewEntry" name="TestDisplayedResults" time="8.716"/>
  <system-out/>
</testsuite> <!-- AutomationTest.ViewEntry -->
