<?xml version="1.0" encoding="UTF-8"?>
<!-- Generated by org.testng.reporters.JUnitReportReporter -->
<testsuite hostname="DESKTOP-R09BFLF" failures="0" tests="1" name="TestCsv.NewTest1" time="0.059" errors="0" timestamp="2022-12-11T19:11:23 EST" skipped="0">
  <testcase classname="TestCsv.NewTest1" name="f" time="0.059"/>
  <system-out/>
</testsuite> <!-- TestCsv.NewTest1 -->
