<?xml version="1.0" encoding="UTF-8"?>
<!-- Generated by org.testng.reporters.JUnitReportReporter -->
<testsuite hostname="DESKTOP-R09BFLF" failures="0" tests="1" name="ViewEntry" time="6.265" errors="0" timestamp="2022-11-19T15:37:41 EST" skipped="0">
  <testcase classname="ViewEntry" name="TestDisplayedResults" time="6.265"/>
  <system-out/>
</testsuite> <!-- ViewEntry -->
