<?xml version="1.0" encoding="UTF-8"?>
<!-- Generated by org.testng.reporters.JUnitReportReporter -->
<testsuite hostname="DESKTOP-R09BFLF" failures="0" tests="3" name="AutomationTest.ViewEntry" time="44.428" errors="0" timestamp="15 Dec 2022 21:42:47 GMT">
  <testcase classname="AutomationTest.ViewEntry" name="TestDisplayedResults" time="10.608"/>
  <testcase classname="AutomationTest.ViewEntry" name="TestViewEntryButton" time="12.486"/>
  <testcase classname="AutomationTest.ViewEntry" name="TestReturnButton" time="21.334"/>
</testsuite> <!-- AutomationTest.ViewEntry -->
