<?xml version="1.0" encoding="UTF-8"?>
<!-- Generated by org.testng.reporters.JUnitReportReporter -->
<testsuite hostname="DESKTOP-R09BFLF" failures="0" tests="26" name="AutomationTest.AddEntry" time="587.633" errors="0" timestamp="15 Dec 2022 21:42:47 GMT">
  <testcase classname="AutomationTest.AddEntry" name="TestAddNewEntry" time="11.834"/>
  <testcase classname="AutomationTest.AddEntry" name="AddressBookAccessAddNewEntryPage" time="16.087"/>
  <testcase classname="AutomationTest.AddEntry" name="TestAddNewEntry" time="134.600"/>
  <testcase classname="AutomationTest.AddEntry" name="TestAddNewEntry" time="22.442"/>
  <testcase classname="AutomationTest.AddEntry" name="TestAddNewEntry" time="96.218"/>
  <testcase classname="AutomationTest.AddEntry" name="TestAddNewEntry" time="13.691"/>
  <testcase classname="AutomationTest.AddEntry" name="TestAddNewEntry" time="12.852"/>
  <testcase classname="AutomationTest.AddEntry" name="AddressBookAccessMainMenuPage" time="8.346"/>
  <testcase classname="AutomationTest.AddEntry" name="TestAddNewEntry" time="21.045"/>
  <testcase classname="AutomationTest.AddEntry" name="TestAddNewEntry" time="14.583"/>
  <testcase classname="AutomationTest.AddEntry" name="TestEmailPhoneWebValidation" time="6.626"/>
  <testcase classname="AutomationTest.AddEntry" name="TestAddNewEntry" time="13.447"/>
  <testcase classname="AutomationTest.AddEntry" name="TestAddNewEntry" time="11.291"/>
  <testcase classname="AutomationTest.AddEntry" name="TestAddNewEntry" time="11.795"/>
  <testcase classname="AutomationTest.AddEntry" name="TestAddNewEntry" time="14.814"/>
  <testcase classname="AutomationTest.AddEntry" name="TestAddNewEntry" time="14.253"/>
  <testcase classname="AutomationTest.AddEntry" name="TestAddNewEntry" time="14.907"/>
  <testcase classname="AutomationTest.AddEntry" name="TestAddNewEntry" time="22.810"/>
  <testcase classname="AutomationTest.AddEntry" name="TestNameFieldsValidation" time="7.182"/>
  <testcase classname="AutomationTest.AddEntry" name="AddressBookListAllEntries" time="34.601"/>
  <testcase classname="AutomationTest.AddEntry" name="TestAddNewEntry" time="10.705"/>
  <testcase classname="AutomationTest.AddEntry" name="TestAddNewEntry" time="10.788"/>
  <testcase classname="AutomationTest.AddEntry" name="TestAddNewEntry" time="13.474"/>
  <testcase classname="AutomationTest.AddEntry" name="TestAddNewEntry" time="12.685"/>
  <testcase classname="AutomationTest.AddEntry" name="CheckFieldsAddNewEntryPage" time="7.090"/>
  <testcase classname="AutomationTest.AddEntry" name="TestAddNewEntry" time="29.467"/>
</testsuite> <!-- AutomationTest.AddEntry -->
